<?xml version="1.0" encoding="UTF-8"?>
<!-- Generated by org.testng.reporters.JUnitXMLReporter -->
<testsuite hostname="Ameyas-MBP" ignored="1" name="Default test" tests="3" failures="0" timestamp="2021-09-23T17:46:43 IST" time="5.697" errors="0">
  <testcase name="testCreateNewUser" time="4.65" classname="reqres.PostExampleDataDrivenTest"/>
  <testcase name="testCreateNewUser" time="0.478" classname="reqres.PostExampleDataDrivenTest"/>
  <testcase name="testCreateNewUser" time="0.414" classname="reqres.PostExampleDataDrivenTest"/>
  <testcase name="testJsonRead" time="0.0" classname="reqres.PostExampleDataDrivenTest">
    <ignored/>
  </testcase> <!-- testJsonRead -->
</testsuite> <!-- Default test -->
