<?xml version="1.0" encoding="UTF-8"?>
<testng-results skipped="0" failed="0" ignored="0" total="1" passed="1">
  <reporter-output>
  </reporter-output>
  <suite name="Default suite" duration-ms="4045" started-at="2021-09-22T15:36:59 IST" finished-at="2021-09-22T15:37:03 IST">
    <groups>
    </groups>
    <test name="Default test" duration-ms="4045" started-at="2021-09-22T15:36:59 IST" finished-at="2021-09-22T15:37:03 IST">
      <class name="trello.Get_All_Boards_For_A_User_Test">
        <test-method status="PASS" signature="testBoardsForAUser()[pri:0, instance:trello.Get_All_Boards_For_A_User_Test@1fb700ee]" name="testBoardsForAUser" duration-ms="3965" started-at="2021-09-22T15:36:59 IST" finished-at="2021-09-22T15:37:03 IST">
          <reporter-output>
          </reporter-output>
        </test-method> <!-- testBoardsForAUser -->
      </class> <!-- trello.Get_All_Boards_For_A_User_Test -->
    </test> <!-- Default test -->
  </suite> <!-- Default suite -->
</testng-results>
