<?xml version="1.0" encoding="UTF-8"?>
<testng-results skipped="0" failed="0" ignored="0" total="1" passed="1">
  <reporter-output>
  </reporter-output>
  <suite name="Default suite" duration-ms="4524" started-at="2021-09-22T13:16:36 IST" finished-at="2021-09-22T13:16:41 IST">
    <groups>
    </groups>
    <test name="Default test" duration-ms="4524" started-at="2021-09-22T13:16:36 IST" finished-at="2021-09-22T13:16:41 IST">
      <class name="restcountries.Get_Countries_By_Name_Test">
        <test-method status="PASS" signature="testNumberOfCountries()[pri:0, instance:restcountries.Get_Countries_By_Name_Test@1786dec2]" name="testNumberOfCountries" duration-ms="4451" started-at="2021-09-22T13:16:36 IST" finished-at="2021-09-22T13:16:41 IST">
          <reporter-output>
          </reporter-output>
        </test-method> <!-- testNumberOfCountries -->
      </class> <!-- restcountries.Get_Countries_By_Name_Test -->
    </test> <!-- Default test -->
  </suite> <!-- Default suite -->
</testng-results>
